#
# There is insufficient memory for the Java Runtime Environment to continue.
# Native memory allocation (malloc) failed to allocate 1048576 bytes for AllocateHeap
# Possible reasons:
#   The system is out of physical RAM or swap space
#   The process is running with CompressedOops enabled, and the Java Heap may be blocking the growth of the native heap
# Possible solutions:
#   Reduce memory load on the system
#   Increase physical memory or swap space
#   Check if swap backing store is full
#   Decrease Java heap size (-Xmx/-Xms)
#   Decrease number of Java threads
#   Decrease Java thread stack sizes (-Xss)
#   Set larger code cache with -XX:ReservedCodeCacheSize=
#   JVM is running with Zero Based Compressed Oops mode in which the Java heap is
#     placed in the first 32GB address space. The Java Heap base address is the
#     maximum limit for the native heap growth. Please use -XX:HeapBaseMinAddress
#     to set the Java Heap base and to place the Java Heap above 32GB virtual address.
# This output file may be truncated or incomplete.
#
#  Out of Memory Error (allocation.cpp:44), pid=7164, tid=19428
#
# JRE version:  (17.0.4.1+1) (build )
# Java VM: OpenJDK 64-Bit Server VM (17.0.4.1+1-LTS, mixed mode, sharing, tiered, compressed oops, compressed class ptrs, g1 gc, windows-amd64)
# No core dump will be written. Minidumps are not enabled by default on client versions of Windows
#

---------------  S U M M A R Y ------------

Command Line: org.jetbrains.kotlin.cli.jvm.K2JVMCompiler @C:\Users\anuge\projects\mess_app\node_modules\react-native-gesture-handler\android\build\20221127_479549995625468106.compiler.options

Host: AMD Ryzen 5 5600U with Radeon Graphics         , 12 cores, 15G,  Windows 11 , 64 bit Build 22000 (10.0.22000.1219)
Time: Sun Nov 27 12:30:30 2022 India Standard Time elapsed time: 0.013941 seconds (0d 0h 0m 0s)

---------------  T H R E A D  ---------------

Current thread (0x0000025a630df7c0):  JavaThread "Unknown thread" [_thread_in_vm, id=19428, stack(0x00000080b4700000,0x00000080b4800000)]

Stack: [0x00000080b4700000,0x00000080b4800000]
Native frames: (J=compiled Java code, j=interpreted, Vv=VM code, C=native code)
V  [jvm.dll+0x67861a]
V  [jvm.dll+0x833d74]
V  [jvm.dll+0x83551e]
V  [jvm.dll+0x835b83]
V  [jvm.dll+0x245af5]
V  [jvm.dll+0xa6533]
V  [jvm.dll+0x2e49c7]
V  [jvm.dll+0x2dc83b]
V  [jvm.dll+0x8054b1]
V  [jvm.dll+0x369cb1]
V  [jvm.dll+0x7e47dc]
V  [jvm.dll+0x3ecaaf]
V  [jvm.dll+0x3ee631]
C  [jli.dll+0x527b]
C  [ucrtbase.dll+0x26c0c]
C  [KERNEL32.DLL+0x15550]
C  [ntdll.dll+0x485b]


---------------  P R O C E S S  ---------------

Threads class SMR info:
_java_thread_list=0x00007ff92341ae98, length=0, elements={
}

Java Threads: ( => current thread )

Other Threads:
  0x0000025a63147a40 GCTaskThread "GC Thread#0" [stack: 0x00000080b4800000,0x00000080b4900000] [id=20420]

[error occurred during error reporting (printing all threads), id 0xc0000005, EXCEPTION_ACCESS_VIOLATION (0xc0000005) at pc=0x00007ff922bd9910]

VM state: not at safepoint (not fully initialized)

VM Mutex/Monitor currently owned by a thread:  ([mutex/lock_event])
[0x0000025a630d9ab0] Heap_lock - owner thread: 0x0000025a630df7c0

Heap address: 0x000000070a600000, size: 3930 MB, Compressed Oops mode: Zero based, Oop shift amount: 3

CDS archive(s) mapped at: [0x0000000000000000-0x0000000000000000-0x0000000000000000), size 0, SharedBaseAddress: 0x0000000800000000, ArchiveRelocationMode: 0.
Narrow klass base: 0x0000000000000000, Narrow klass shift: 0, Narrow klass range: 0x0

GC Precious Log:
<Empty>

Heap:
 garbage-first heap   total 0K, used 0K [0x000000070a600000, 0x0000000800000000)
  region size 2048K, 0 young (0K), 0 survivors (0K)

[error occurred during error reporting (printing heap information), id 0xc0000005, EXCEPTION_ACCESS_VIOLATION (0xc0000005) at pc=0x00007ff922fc1aa9]

GC Heap History (0 events):
No events

Deoptimization events (0 events):
No events

Classes unloaded (0 events):
No events

Classes redefined (0 events):
No events

Internal exceptions (0 events):
No events

VM Operations (0 events):
No events

Events (1 events):
Event: 0.009 Loaded shared library C:\Program Files\Microsoft\jdk-17.0.4.101-hotspot\bin\java.dll


Dynamic libraries:
0x00007ff7b7d30000 - 0x00007ff7b7d3e000 	C:\Program Files\Microsoft\jdk-17.0.4.101-hotspot\bin\java.exe
0x00007ff993720000 - 0x00007ff993929000 	C:\WINDOWS\SYSTEM32\ntdll.dll
0x00007ff992b70000 - 0x00007ff992c2e000 	C:\WINDOWS\System32\KERNEL32.DLL
0x00007ff991080000 - 0x00007ff9913fb000 	C:\WINDOWS\System32\KERNELBASE.dll
0x00007ff991400000 - 0x00007ff991511000 	C:\WINDOWS\System32\ucrtbase.dll
0x00007ff988700000 - 0x00007ff988718000 	C:\Program Files\Microsoft\jdk-17.0.4.101-hotspot\bin\jli.dll
0x00007ff987d30000 - 0x00007ff987d4b000 	C:\Program Files\Microsoft\jdk-17.0.4.101-hotspot\bin\VCRUNTIME140.dll
0x00007ff993320000 - 0x00007ff9934cd000 	C:\WINDOWS\System32\USER32.dll
0x00007ff971e50000 - 0x00007ff9720f5000 	C:\WINDOWS\WinSxS\amd64_microsoft.windows.common-controls_6595b64144ccf1df_6.0.22000.120_none_9d947278b86cc467\COMCTL32.dll
0x00007ff990f90000 - 0x00007ff990fb6000 	C:\WINDOWS\System32\win32u.dll
0x00007ff993110000 - 0x00007ff9931b3000 	C:\WINDOWS\System32\msvcrt.dll
0x00007ff9921d0000 - 0x00007ff9921f9000 	C:\WINDOWS\System32\GDI32.dll
0x00007ff990e70000 - 0x00007ff990f88000 	C:\WINDOWS\System32\gdi32full.dll
0x00007ff990c60000 - 0x00007ff990cfd000 	C:\WINDOWS\System32\msvcp_win.dll
0x00007ff9917f0000 - 0x00007ff991822000 	C:\WINDOWS\System32\IMM32.DLL
0x00007ff98f440000 - 0x00007ff98f44c000 	C:\Program Files\Microsoft\jdk-17.0.4.101-hotspot\bin\vcruntime140_1.dll
0x00007ff9733e0000 - 0x00007ff97346d000 	C:\Program Files\Microsoft\jdk-17.0.4.101-hotspot\bin\msvcp140.dll
0x00007ff9228f0000 - 0x00007ff92354c000 	C:\Program Files\Microsoft\jdk-17.0.4.101-hotspot\bin\server\jvm.dll
0x00007ff991860000 - 0x00007ff99190e000 	C:\WINDOWS\System32\ADVAPI32.dll
0x00007ff9915a0000 - 0x00007ff99163e000 	C:\WINDOWS\System32\sechost.dll
0x00007ff991660000 - 0x00007ff991780000 	C:\WINDOWS\System32\RPCRT4.dll
0x00007ff992dd0000 - 0x00007ff992dd8000 	C:\WINDOWS\System32\PSAPI.DLL
0x00007ff98cc00000 - 0x00007ff98cc09000 	C:\WINDOWS\SYSTEM32\WSOCK32.dll
0x00007ff98cc10000 - 0x00007ff98cc43000 	C:\WINDOWS\SYSTEM32\WINMM.dll
0x00007ff991780000 - 0x00007ff9917ef000 	C:\WINDOWS\System32\WS2_32.dll
0x00007ff98c320000 - 0x00007ff98c32a000 	C:\WINDOWS\SYSTEM32\VERSION.dll
0x00007ff98fc40000 - 0x00007ff98fc58000 	C:\WINDOWS\SYSTEM32\kernel.appcore.dll
0x00007ff9887c0000 - 0x00007ff9887ca000 	C:\Program Files\Microsoft\jdk-17.0.4.101-hotspot\bin\jimage.dll
0x00007ff98e7a0000 - 0x00007ff98e9c1000 	C:\WINDOWS\SYSTEM32\DBGHELP.DLL
0x00007ff9834c0000 - 0x00007ff9834f1000 	C:\WINDOWS\SYSTEM32\dbgcore.DLL
0x00007ff991520000 - 0x00007ff99159f000 	C:\WINDOWS\System32\bcryptPrimitives.dll
0x00007ff97e160000 - 0x00007ff97e185000 	C:\Program Files\Microsoft\jdk-17.0.4.101-hotspot\bin\java.dll

dbghelp: loaded successfully - version: 4.0.5 - missing functions: none
symbol engine: initialized successfully - sym options: 0x614 - pdb path: .;C:\Program Files\Microsoft\jdk-17.0.4.101-hotspot\bin;C:\WINDOWS\SYSTEM32;C:\WINDOWS\WinSxS\amd64_microsoft.windows.common-controls_6595b64144ccf1df_6.0.22000.120_none_9d947278b86cc467;C:\Program Files\Microsoft\jdk-17.0.4.101-hotspot\bin\server

VM Arguments:
java_command: org.jetbrains.kotlin.cli.jvm.K2JVMCompiler @C:\Users\anuge\projects\mess_app\node_modules\react-native-gesture-handler\android\build\20221127_479549995625468106.compiler.options
java_class_path (initial): C:\Users\anuge\.gradle\caches\modules-2\files-2.1\org.jetbrains.kotlin\kotlin-compiler-embeddable\1.6.21\97bdd5a752ce73b58ef16c17bc7f0ea2faff7a2e\kotlin-compiler-embeddable-1.6.21.jar;C:\Users\anuge\.gradle\caches\modules-2\files-2.1\org.jetbrains.kotlin\kotlin-reflect\1.6.21\5dc3574d9b7bebfcb4ec6b10ada4aaa9e140bd0b\kotlin-reflect-1.6.21.jar;C:\Users\anuge\.gradle\caches\modules-2\files-2.1\org.jetbrains.kotlin\kotlin-stdlib\1.6.21\11ef67f1900634fd951bad28c53ec957fabbe5b8\kotlin-stdlib-1.6.21.jar;C:\Users\anuge\.gradle\caches\modules-2\files-2.1\org.jetbrains.kotlin\kotlin-script-runtime\1.6.21\99c6675100da5d6d5b1c5a1032f27f28008d101b\kotlin-script-runtime-1.6.21.jar;C:\Users\anuge\.gradle\caches\modules-2\files-2.1\org.jetbrains.kotlin\kotlin-daemon-embeddable\1.6.21\46b78cf392e1c4f10854c3cadba44abb7b82250f\kotlin-daemon-embeddable-1.6.21.jar;C:\Users\anuge\.gradle\caches\modules-2\files-2.1\org.jetbrains.intellij.deps\trove4j\1.0.20200330\3afb14d5f9ceb459d724e907a21145e8ff394f02\trove4j-1.0.20200330.jar;C:\Users\anuge\.gradle\caches\modules-2\files-2.1\net.java.dev.jna\jna\5.6.0\330f2244e9030119ab3030fc3fededc86713d9cc\jna-5.6.0.jar;C:\Users\anuge\.gradle\caches\modules-2\files-2.1\org.jetbrains.kotlin\kotlin-stdlib-common\1.6.21\5e5b55c26dbc80372a920aef60eb774b714559b8\kotlin-stdlib-common-1.6.21.jar;C:\Users\anuge\.gradle\caches\modules-2\files-2.1\org.jetbrains\annotations\13.0\919f0dfe192fb4e063e7dacadee7f8bb9a2672a9\annotations-13.0.jar
Launcher Type: SUN_STANDARD

[Global flags]
     intx CICompilerCount                          = 4                                         {product} {ergonomic}
     uint ConcGCThreads                            = 3                                         {product} {ergonomic}
     uint G1ConcRefinementThreads                  = 10                                        {product} {ergonomic}
   size_t G1HeapRegionSize                         = 2097152                                   {product} {ergonomic}
    uintx GCDrainStackTargetSize                   = 64                                        {product} {ergonomic}
   size_t InitialHeapSize                          = 257949696                                 {product} {ergonomic}
   size_t MarkStackSize                            = 4194304                                   {product} {ergonomic}
   size_t MaxHeapSize                              = 4120903680                                {product} {ergonomic}
   size_t MinHeapDeltaBytes                        = 2097152                                   {product} {ergonomic}
   size_t MinHeapSize                              = 8388608                                   {product} {ergonomic}
    uintx NonNMethodCodeHeapSize                   = 5839372                                {pd product} {ergonomic}
    uintx NonProfiledCodeHeapSize                  = 122909434                              {pd product} {ergonomic}
    uintx ProfiledCodeHeapSize                     = 122909434                              {pd product} {ergonomic}
    uintx ReservedCodeCacheSize                    = 251658240                              {pd product} {ergonomic}
     bool SegmentedCodeCache                       = true                                      {product} {ergonomic}
   size_t SoftMaxHeapSize                          = 4120903680                             {manageable} {ergonomic}
     bool UseCompressedClassPointers               = true                           {product lp64_product} {ergonomic}
     bool UseCompressedOops                        = true                           {product lp64_product} {ergonomic}
     bool UseG1GC                                  = true                                      {product} {ergonomic}
     bool UseLargePagesIndividualAllocation        = false                                  {pd product} {ergonomic}

Logging:
Log output configuration:
 #0: stdout all=warning uptime,level,tags
 #1: stderr all=off uptime,level,tags

Environment Variables:
JAVA_HOME=C:\Program Files\Microsoft\jdk-17.0.4.101-hotspot\
CLASSPATH=C:\Users\anuge\projects\mess_app\android\\gradle\wrapper\gradle-wrapper.jar
PATH=C:\Program Files\Microsoft\jdk-17.0.4.101-hotspot\bin;C:\WINDOWS\system32;C:\WINDOWS;C:\WINDOWS\System32\Wbem;C:\WINDOWS\System32\WindowsPowerShell\v1.0\;C:\WINDOWS\System32\OpenSSH\;C:\Program Files\Git\cmd;C:\Program Files\nodejs\;C:\Users\anuge\Downloads\platform-tools_r33.0.1-windows\platform-tools;C:\android\cmdline-tools\latest\bin;C:\Program Files\Go\bin;C:\Users\anuge\AppData\Local\Microsoft\WindowsApps;C:\Users\anuge\AppData\Local\Programs\Microsoft VS Code\bin;C:\Users\anuge\AppData\Roaming\npm;C:\Program Files\Go\bin;C:\android\platform-tools;C:\Program Files\PostgreSQL\14\bin;C:\Program Files\Microsoft\jdk-17.0.4.101-hotspot\bin;C:\android\cmdline-tools\latest\bin;C:\android\cmake\3.6.4111459\bin;C:\Users\anuge\go\bin
USERNAME=anuge
OS=Windows_NT
PROCESSOR_IDENTIFIER=AMD64 Family 25 Model 80 Stepping 0, AuthenticAMD
TMP=C:\Users\anuge\AppData\Local\Temp
TEMP=C:\Users\anuge\AppData\Local\Temp



---------------  S Y S T E M  ---------------

OS:
 Windows 11 , 64 bit Build 22000 (10.0.22000.1219)
OS uptime: 1 days 3:06 hours
Hyper-V role detected

CPU: total 12 (initial active 12) (12 cores per cpu, 2 threads per core) family 25 model 80 stepping 0 microcode 0x0, cx8, cmov, fxsr, ht, mmx, 3dnowpref, sse, sse2, sse3, ssse3, sse4a, sse4.1, sse4.2, popcnt, lzcnt, tsc, tscinvbit, avx, avx2, aes, erms, clmul, bmi1, bmi2, adx, sha, fma, vzeroupper, clflush, clflushopt, hv

Memory: 4k page, system-wide physical 15717M (1358M free)
TotalPageFile size 26148M (AvailPageFile size 6M)
current process WorkingSet (physical memory assigned to process): 10M, peak: 10M
current process commit charge ("private bytes"): 61M, peak: 62M

vm_info: OpenJDK 64-Bit Server VM (17.0.4.1+1-LTS) for windows-amd64 JRE (17.0.4.1+1-LTS), built on Aug 16 2022 23:12:43 by "" with MS VC++ 16.10 / 16.11 (VS2019)

END.
