#
# There is insufficient memory for the Java Runtime Environment to continue.
# Native memory allocation (malloc) failed to allocate 1524880 bytes for Chunk::new
# Possible reasons:
#   The system is out of physical RAM or swap space
#   The process is running with CompressedOops enabled, and the Java Heap may be blocking the growth of the native heap
# Possible solutions:
#   Reduce memory load on the system
#   Increase physical memory or swap space
#   Check if swap backing store is full
#   Decrease Java heap size (-Xmx/-Xms)
#   Decrease number of Java threads
#   Decrease Java thread stack sizes (-Xss)
#   Set larger code cache with -XX:ReservedCodeCacheSize=
#   JVM is running with Zero Based Compressed Oops mode in which the Java heap is
#     placed in the first 32GB address space. The Java Heap base address is the
#     maximum limit for the native heap growth. Please use -XX:HeapBaseMinAddress
#     to set the Java Heap base and to place the Java Heap above 32GB virtual address.
# This output file may be truncated or incomplete.
#
#  Out of Memory Error (arena.cpp:189), pid=17800, tid=19540
#
# JRE version: OpenJDK Runtime Environment Microsoft-40354 (17.0.4.1+1) (build 17.0.4.1+1-LTS)
# Java VM: OpenJDK 64-Bit Server VM Microsoft-40354 (17.0.4.1+1-LTS, mixed mode, sharing, tiered, compressed oops, compressed class ptrs, g1 gc, windows-amd64)
# No core dump will be written. Minidumps are not enabled by default on client versions of Windows
#

---------------  S U M M A R Y ------------

Command Line: org.jetbrains.kotlin.cli.jvm.K2JVMCompiler @C:\Users\anuge\projects\mess_app\node_modules\react-native-screens\android\build\20221127_10021669716242543851.compiler.options

Host: AMD Ryzen 5 5600U with Radeon Graphics         , 12 cores, 15G,  Windows 11 , 64 bit Build 22000 (10.0.22000.1219)
Time: Sun Nov 27 12:30:43 2022 India Standard Time elapsed time: 22.555099 seconds (0d 0h 0m 22s)

---------------  T H R E A D  ---------------

Current thread (0x000001f7659e95e0):  JavaThread "C2 CompilerThread0" daemon [_thread_in_native, id=19540, stack(0x0000006e5e000000,0x0000006e5e100000)]


Current CompileTask:
C2:  22555 18575       4       org.jetbrains.kotlin.types.AbstractTypeMapper::mapType (914 bytes)

Stack: [0x0000006e5e000000,0x0000006e5e100000]
Native frames: (J=compiled Java code, j=interpreted, Vv=VM code, C=native code)
V  [jvm.dll+0x67861a]
V  [jvm.dll+0x833d74]
V  [jvm.dll+0x83551e]
V  [jvm.dll+0x835b83]
V  [jvm.dll+0x245af5]
V  [jvm.dll+0xabf1b]
V  [jvm.dll+0xac4ac]
V  [jvm.dll+0x363e57]
V  [jvm.dll+0x1bc2e8]
V  [jvm.dll+0x218c09]
V  [jvm.dll+0x217ed1]
V  [jvm.dll+0x1a42cd]
V  [jvm.dll+0x227848]
V  [jvm.dll+0x2259a5]
V  [jvm.dll+0x7e94bc]
V  [jvm.dll+0x7e3a1a]
V  [jvm.dll+0x6774a5]
C  [ucrtbase.dll+0x26c0c]
C  [KERNEL32.DLL+0x15550]
C  [ntdll.dll+0x485b]


---------------  P R O C E S S  ---------------

Threads class SMR info:
_java_thread_list=0x000001f767a5d0e0, length=14, elements={
0x000001f742af0540, 0x000001f7659cb550, 0x000001f7659cbe10, 0x000001f7659e3ee0,
0x000001f7659e67b0, 0x000001f7659e7070, 0x000001f7659e7930, 0x000001f7659e95e0,
0x000001f7659eaba0, 0x000001f7659eb4a0, 0x000001f76651c8e0, 0x000001f76652dd50,
0x000001f769c9ebd0, 0x000001f76afa2da0
}

Java Threads: ( => current thread )
  0x000001f742af0540 JavaThread "main" [_thread_in_Java, id=18408, stack(0x0000006e5d300000,0x0000006e5d400000)]
  0x000001f7659cb550 JavaThread "Reference Handler" daemon [_thread_blocked, id=15920, stack(0x0000006e5da00000,0x0000006e5db00000)]
  0x000001f7659cbe10 JavaThread "Finalizer" daemon [_thread_blocked, id=6384, stack(0x0000006e5db00000,0x0000006e5dc00000)]
  0x000001f7659e3ee0 JavaThread "Signal Dispatcher" daemon [_thread_blocked, id=5920, stack(0x0000006e5dc00000,0x0000006e5dd00000)]
  0x000001f7659e67b0 JavaThread "Attach Listener" daemon [_thread_blocked, id=16392, stack(0x0000006e5dd00000,0x0000006e5de00000)]
  0x000001f7659e7070 JavaThread "Service Thread" daemon [_thread_blocked, id=10284, stack(0x0000006e5de00000,0x0000006e5df00000)]
  0x000001f7659e7930 JavaThread "Monitor Deflation Thread" daemon [_thread_blocked, id=19440, stack(0x0000006e5df00000,0x0000006e5e000000)]
=>0x000001f7659e95e0 JavaThread "C2 CompilerThread0" daemon [_thread_in_native, id=19540, stack(0x0000006e5e000000,0x0000006e5e100000)]
  0x000001f7659eaba0 JavaThread "C1 CompilerThread0" daemon [_thread_in_native, id=15224, stack(0x0000006e5e100000,0x0000006e5e200000)]
  0x000001f7659eb4a0 JavaThread "Sweeper thread" daemon [_thread_blocked, id=17920, stack(0x0000006e5e200000,0x0000006e5e300000)]
  0x000001f76651c8e0 JavaThread "Notification Thread" daemon [_thread_blocked, id=17724, stack(0x0000006e5e300000,0x0000006e5e400000)]
  0x000001f76652dd50 JavaThread "Common-Cleaner" daemon [_thread_blocked, id=19168, stack(0x0000006e5e500000,0x0000006e5e600000)]
  0x000001f769c9ebd0 JavaThread "C2 CompilerThread1" daemon [_thread_in_native, id=360, stack(0x0000006e5f100000,0x0000006e5f200000)]
  0x000001f76afa2da0 JavaThread "C2 CompilerThread2" daemon [_thread_in_vm, id=8020, stack(0x0000006e5f200000,0x0000006e5f300000)]

Other Threads:
  0x000001f7659c6500 VMThread "VM Thread" [stack: 0x0000006e5d900000,0x0000006e5da00000] [id=19112]
  0x000001f7659fecf0 WatcherThread [stack: 0x0000006e5e400000,0x0000006e5e500000] [id=19732]
  0x000001f742b5a080 GCTaskThread "GC Thread#0" [stack: 0x0000006e5d400000,0x0000006e5d500000] [id=3052]
  0x000001f76693b8c0 GCTaskThread "GC Thread#1" [stack: 0x0000006e5e700000,0x0000006e5e800000] [id=18800]
  0x000001f76693bb70 GCTaskThread "GC Thread#2" [stack: 0x0000006e5e800000,0x0000006e5e900000] [id=17544]
  0x000001f76693be20 GCTaskThread "GC Thread#3" [stack: 0x0000006e5e900000,0x0000006e5ea00000] [id=19684]
  0x000001f76696a3a0 GCTaskThread "GC Thread#4" [stack: 0x0000006e5ea00000,0x0000006e5eb00000] [id=14420]
  0x000001f766ef1ba0 GCTaskThread "GC Thread#5" [stack: 0x0000006e5e600000,0x0000006e5e700000] [id=18920]
  0x000001f76791bf60 GCTaskThread "GC Thread#6" [stack: 0x0000006e5eb00000,0x0000006e5ec00000] [id=20360]
  0x000001f76791b1f0 GCTaskThread "GC Thread#7" [stack: 0x0000006e5ec00000,0x0000006e5ed00000] [id=9664]
  0x000001f76791b4a0 GCTaskThread "GC Thread#8" [stack: 0x0000006e5ed00000,0x0000006e5ee00000] [id=19580]
  0x000001f76791b750 GCTaskThread "GC Thread#9" [stack: 0x0000006e5ee00000,0x0000006e5ef00000] [id=17596]
  0x000001f742b6a460 ConcurrentGCThread "G1 Main Marker" [stack: 0x0000006e5d500000,0x0000006e5d600000] [id=20380]
  0x000001f742b6cc90 ConcurrentGCThread "G1 Conc#0" [stack: 0x0000006e5d600000,0x0000006e5d700000] [id=20212]
  0x000001f76791c210 ConcurrentGCThread "G1 Conc#1" [stack: 0x0000006e5ef00000,0x0000006e5f000000] [id=14536]
  0x000001f76791c770 ConcurrentGCThread "G1 Conc#2" [stack: 0x0000006e5f000000,0x0000006e5f100000] [id=20024]
  0x000001f765883c80 ConcurrentGCThread "G1 Refine#0" [stack: 0x0000006e5d700000,0x0000006e5d800000] [id=15944]
  0x000001f76e8459e0 ConcurrentGCThread "G1 Refine#1" [stack: 0x0000006e5f300000,0x0000006e5f400000] [id=17576]
  0x000001f76e842340 ConcurrentGCThread "G1 Refine#2" [stack: 0x0000006e5f400000,0x0000006e5f500000] [id=13528]
  0x000001f76e843a40 ConcurrentGCThread "G1 Refine#3" [stack: 0x0000006e5f500000,0x0000006e5f600000] [id=19320]
  0x000001f742bca960 ConcurrentGCThread "G1 Service" [stack: 0x0000006e5d800000,0x0000006e5d900000] [id=11460]

Threads with active compile tasks:
C2 CompilerThread0    22573 18575       4       org.jetbrains.kotlin.types.AbstractTypeMapper::mapType (914 bytes)
C1 CompilerThread0    22573 19186       3       org.jetbrains.kotlin.codegen.inline.ReifiedTypeInliner$Companion::isNeedClassReificationMarker (18 bytes)
C2 CompilerThread1    22573 18945       4       org.jetbrains.kotlin.backend.jvm.mapping.MethodSignatureMapper::getDifferentNameForJvmBuiltinFunction (282 bytes)
C2 CompilerThread2    22573 19185       4       org.jetbrains.org.objectweb.asm.tree.analysis.Frame::<init> (23 bytes)

VM state: not at safepoint (normal execution)

VM Mutex/Monitor currently owned by a thread:  ([mutex/lock_event])
[0x000001f7408e80a0] CodeCache_lock - owner thread: 0x0000000000000000
[0x000001f742aeb8f0] MethodData_lock - owner thread: 0x000001f7659eaba0

Heap address: 0x000000070a600000, size: 3930 MB, Compressed Oops mode: Zero based, Oop shift amount: 3

CDS archive(s) mapped at: [0x0000000800000000-0x0000000800bc0000-0x0000000800bc0000), size 12320768, SharedBaseAddress: 0x0000000800000000, ArchiveRelocationMode: 0.
Compressed class space mapped at: 0x0000000800c00000-0x0000000840c00000, reserved size: 1073741824
Narrow klass base: 0x0000000800000000, Narrow klass shift: 0, Narrow klass range: 0x100000000

GC Precious Log:
 CPUs: 12 total, 12 available
 Memory: 15717M
 Large Page Support: Disabled
 NUMA Support: Disabled
 Compressed Oops: Enabled (Zero based)
 Heap Region Size: 2M
 Heap Min Capacity: 8M
 Heap Initial Capacity: 246M
 Heap Max Capacity: 3930M
 Pre-touch: Disabled
 Parallel Workers: 10
 Concurrent Workers: 3
 Concurrent Refinement Workers: 10
 Periodic GC: Disabled

Heap:
 garbage-first heap   total 245760K, used 124478K [0x000000070a600000, 0x0000000800000000)
  region size 2048K, 5 young (10240K), 2 survivors (4096K)
 Metaspace       used 80807K, committed 81088K, reserved 1122304K
  class space    used 8722K, committed 8832K, reserved 1048576K

Heap Regions: E=young(eden), S=young(survivor), O=old, HS=humongous(starts), HC=humongous(continues), CS=collection set, F=free, OA=open archive, CA=closed archive, TAMS=top-at-mark-start (previous, next)
|   0|0x000000070a600000, 0x000000070a800000, 0x000000070a800000|100%|HS|  |TAMS 0x000000070a800000, 0x000000070a600000| Complete 
|   1|0x000000070a800000, 0x000000070aa00000, 0x000000070aa00000|100%|HC|  |TAMS 0x000000070aa00000, 0x000000070a800000| Complete 
|   2|0x000000070aa00000, 0x000000070ac00000, 0x000000070ac00000|100%|HS|  |TAMS 0x000000070ac00000, 0x000000070aa00000| Complete 
|   3|0x000000070ac00000, 0x000000070ae00000, 0x000000070ae00000|100%|HS|  |TAMS 0x000000070ae00000, 0x000000070ac00000| Complete 
|   4|0x000000070ae00000, 0x000000070b000000, 0x000000070b000000|100%|HC|  |TAMS 0x000000070b000000, 0x000000070ae00000| Complete 
|   5|0x000000070b000000, 0x000000070b200000, 0x000000070b200000|100%| O|  |TAMS 0x000000070b200000, 0x000000070b000000| Untracked 
|   6|0x000000070b200000, 0x000000070b400000, 0x000000070b400000|100%| O|  |TAMS 0x000000070b400000, 0x000000070b200000| Untracked 
|   7|0x000000070b400000, 0x000000070b600000, 0x000000070b600000|100%| O|  |TAMS 0x000000070b600000, 0x000000070b400000| Untracked 
|   8|0x000000070b600000, 0x000000070b800000, 0x000000070b800000|100%| O|  |TAMS 0x000000070b800000, 0x000000070b600000| Untracked 
|   9|0x000000070b800000, 0x000000070ba00000, 0x000000070ba00000|100%| O|  |TAMS 0x000000070ba00000, 0x000000070b800000| Untracked 
|  10|0x000000070ba00000, 0x000000070bc00000, 0x000000070bc00000|100%| O|  |TAMS 0x000000070bc00000, 0x000000070ba00000| Untracked 
|  11|0x000000070bc00000, 0x000000070be00000, 0x000000070be00000|100%| O|  |TAMS 0x000000070be00000, 0x000000070bc00000| Untracked 
|  12|0x000000070be00000, 0x000000070c000000, 0x000000070c000000|100%| O|  |TAMS 0x000000070c000000, 0x000000070be00000| Untracked 
|  13|0x000000070c000000, 0x000000070c200000, 0x000000070c200000|100%| O|  |TAMS 0x000000070c200000, 0x000000070c000000| Untracked 
|  14|0x000000070c200000, 0x000000070c400000, 0x000000070c400000|100%| O|  |TAMS 0x000000070c400000, 0x000000070c200000| Untracked 
|  15|0x000000070c400000, 0x000000070c600000, 0x000000070c600000|100%| O|  |TAMS 0x000000070c600000, 0x000000070c400000| Untracked 
|  16|0x000000070c600000, 0x000000070c800000, 0x000000070c800000|100%| O|  |TAMS 0x000000070c800000, 0x000000070c600000| Untracked 
|  17|0x000000070c800000, 0x000000070ca00000, 0x000000070ca00000|100%| O|  |TAMS 0x000000070ca00000, 0x000000070c800000| Untracked 
|  18|0x000000070ca00000, 0x000000070cc00000, 0x000000070cc00000|100%| O|  |TAMS 0x000000070cc00000, 0x000000070ca00000| Untracked 
|  19|0x000000070cc00000, 0x000000070ce00000, 0x000000070ce00000|100%| O|  |TAMS 0x000000070ce00000, 0x000000070cc00000| Untracked 
|  20|0x000000070ce00000, 0x000000070d000000, 0x000000070d000000|100%| O|  |TAMS 0x000000070d000000, 0x000000070ce00000| Untracked 
|  21|0x000000070d000000, 0x000000070d200000, 0x000000070d200000|100%| O|  |TAMS 0x000000070d200000, 0x000000070d000000| Untracked 
|  22|0x000000070d200000, 0x000000070d400000, 0x000000070d400000|100%| O|  |TAMS 0x000000070d400000, 0x000000070d200000| Untracked 
|  23|0x000000070d400000, 0x000000070d600000, 0x000000070d600000|100%| O|  |TAMS 0x000000070d600000, 0x000000070d400000| Untracked 
|  24|0x000000070d600000, 0x000000070d800000, 0x000000070d800000|100%| O|  |TAMS 0x000000070d800000, 0x000000070d600000| Untracked 
|  25|0x000000070d800000, 0x000000070da00000, 0x000000070da00000|100%| O|  |TAMS 0x000000070da00000, 0x000000070d800000| Untracked 
|  26|0x000000070da00000, 0x000000070dc00000, 0x000000070dc00000|100%| O|  |TAMS 0x000000070dc00000, 0x000000070da00000| Untracked 
|  27|0x000000070dc00000, 0x000000070de00000, 0x000000070de00000|100%| O|  |TAMS 0x000000070de00000, 0x000000070dc00000| Untracked 
|  28|0x000000070de00000, 0x000000070e000000, 0x000000070e000000|100%| O|  |TAMS 0x000000070e000000, 0x000000070de00000| Untracked 
|  29|0x000000070e000000, 0x000000070e200000, 0x000000070e200000|100%| O|  |TAMS 0x000000070e200000, 0x000000070e000000| Untracked 
|  30|0x000000070e200000, 0x000000070e400000, 0x000000070e400000|100%| O|  |TAMS 0x000000070e400000, 0x000000070e200000| Untracked 
|  31|0x000000070e400000, 0x000000070e600000, 0x000000070e600000|100%| O|  |TAMS 0x000000070e600000, 0x000000070e400000| Untracked 
|  32|0x000000070e600000, 0x000000070e800000, 0x000000070e800000|100%| O|  |TAMS 0x000000070e800000, 0x000000070e600000| Untracked 
|  33|0x000000070e800000, 0x000000070ea00000, 0x000000070ea00000|100%| O|  |TAMS 0x000000070ea00000, 0x000000070e800000| Untracked 
|  34|0x000000070ea00000, 0x000000070ec00000, 0x000000070ec00000|100%| O|  |TAMS 0x000000070ec00000, 0x000000070ea00000| Untracked 
|  35|0x000000070ec00000, 0x000000070ee00000, 0x000000070ee00000|100%| O|  |TAMS 0x000000070ee00000, 0x000000070ec00000| Untracked 
|  36|0x000000070ee00000, 0x000000070f000000, 0x000000070f000000|100%| O|  |TAMS 0x000000070f000000, 0x000000070ee00000| Untracked 
|  37|0x000000070f000000, 0x000000070f200000, 0x000000070f200000|100%| O|  |TAMS 0x000000070f200000, 0x000000070f000000| Untracked 
|  38|0x000000070f200000, 0x000000070f400000, 0x000000070f400000|100%| O|  |TAMS 0x000000070f400000, 0x000000070f200000| Untracked 
|  39|0x000000070f400000, 0x000000070f600000, 0x000000070f600000|100%| O|  |TAMS 0x000000070f600000, 0x000000070f400000| Untracked 
|  40|0x000000070f600000, 0x000000070f800000, 0x000000070f800000|100%| O|  |TAMS 0x000000070f600000, 0x000000070f600000| Untracked 
|  41|0x000000070f800000, 0x000000070fa00000, 0x000000070fa00000|100%| O|  |TAMS 0x000000070fa00000, 0x000000070f800000| Untracked 
|  42|0x000000070fa00000, 0x000000070fc00000, 0x000000070fc00000|100%| O|  |TAMS 0x000000070fc00000, 0x000000070fa00000| Untracked 
|  43|0x000000070fc00000, 0x000000070fe00000, 0x000000070fe00000|100%| O|  |TAMS 0x000000070fe00000, 0x000000070fc00000| Untracked 
|  44|0x000000070fe00000, 0x0000000710000000, 0x0000000710000000|100%| O|  |TAMS 0x0000000710000000, 0x000000070fe00000| Untracked 
|  45|0x0000000710000000, 0x0000000710200000, 0x0000000710200000|100%| O|  |TAMS 0x0000000710200000, 0x0000000710000000| Untracked 
|  46|0x0000000710200000, 0x0000000710200000, 0x0000000710400000|  0%| F|  |TAMS 0x0000000710200000, 0x0000000710200000| Untracked 
|  47|0x0000000710400000, 0x0000000710600000, 0x0000000710600000|100%| O|  |TAMS 0x0000000710600000, 0x0000000710400000| Untracked 
|  48|0x0000000710600000, 0x0000000710800000, 0x0000000710800000|100%| O|  |TAMS 0x0000000710800000, 0x0000000710600000| Untracked 
|  49|0x0000000710800000, 0x0000000710a00000, 0x0000000710a00000|100%| O|  |TAMS 0x0000000710a00000, 0x0000000710800000| Untracked 
|  50|0x0000000710a00000, 0x0000000710c00000, 0x0000000710c00000|100%| O|  |TAMS 0x0000000710c00000, 0x0000000710a00000| Untracked 
|  51|0x0000000710c00000, 0x0000000710e00000, 0x0000000710e00000|100%| O|  |TAMS 0x0000000710e00000, 0x0000000710c00000| Untracked 
|  52|0x0000000710e00000, 0x0000000711000000, 0x0000000711000000|100%| O|  |TAMS 0x0000000711000000, 0x0000000710e00000| Untracked 
|  53|0x0000000711000000, 0x0000000711200000, 0x0000000711200000|100%| O|  |TAMS 0x0000000711200000, 0x0000000711000000| Untracked 
|  54|0x0000000711200000, 0x0000000711400000, 0x0000000711400000|100%| O|  |TAMS 0x0000000711400000, 0x0000000711200000| Untracked 
|  55|0x0000000711400000, 0x0000000711600000, 0x0000000711600000|100%| O|  |TAMS 0x0000000711600000, 0x0000000711400000| Untracked 
|  56|0x0000000711600000, 0x0000000711800000, 0x0000000711800000|100%| O|  |TAMS 0x0000000711800000, 0x0000000711600000| Untracked 
|  57|0x0000000711800000, 0x0000000711a00000, 0x0000000711a00000|100%| O|  |TAMS 0x0000000711800000, 0x0000000711800000| Untracked 
|  58|0x0000000711a00000, 0x0000000711adda00, 0x0000000711c00000| 43%| O|  |TAMS 0x0000000711a00000, 0x0000000711a00000| Untracked 
|  59|0x0000000711c00000, 0x0000000711c00000, 0x0000000711e00000|  0%| F|  |TAMS 0x0000000711c00000, 0x0000000711c00000| Untracked 
|  60|0x0000000711e00000, 0x0000000711e00000, 0x0000000712000000|  0%| F|  |TAMS 0x0000000711e00000, 0x0000000711e00000| Untracked 
|  61|0x0000000712000000, 0x0000000712000000, 0x0000000712200000|  0%| F|  |TAMS 0x0000000712000000, 0x0000000712000000| Untracked 
|  62|0x0000000712200000, 0x0000000712200000, 0x0000000712400000|  0%| F|  |TAMS 0x0000000712200000, 0x0000000712200000| Untracked 
|  63|0x0000000712400000, 0x0000000712400000, 0x0000000712600000|  0%| F|  |TAMS 0x0000000712400000, 0x0000000712400000| Untracked 
|  64|0x0000000712600000, 0x0000000712600000, 0x0000000712800000|  0%| F|  |TAMS 0x0000000712600000, 0x0000000712600000| Untracked 
|  65|0x0000000712800000, 0x0000000712800000, 0x0000000712a00000|  0%| F|  |TAMS 0x0000000712800000, 0x0000000712800000| Untracked 
|  66|0x0000000712a00000, 0x0000000712a00000, 0x0000000712c00000|  0%| F|  |TAMS 0x0000000712a00000, 0x0000000712a00000| Untracked 
|  67|0x0000000712c00000, 0x0000000712c00000, 0x0000000712e00000|  0%| F|  |TAMS 0x0000000712c00000, 0x0000000712c00000| Untracked 
|  68|0x0000000712e00000, 0x0000000712e00000, 0x0000000713000000|  0%| F|  |TAMS 0x0000000712e00000, 0x0000000712e00000| Untracked 
|  69|0x0000000713000000, 0x0000000713000000, 0x0000000713200000|  0%| F|  |TAMS 0x0000000713000000, 0x0000000713000000| Untracked 
|  70|0x0000000713200000, 0x0000000713200000, 0x0000000713400000|  0%| F|  |TAMS 0x0000000713200000, 0x0000000713200000| Untracked 
|  71|0x0000000713400000, 0x0000000713400000, 0x0000000713600000|  0%| F|  |TAMS 0x0000000713400000, 0x0000000713400000| Untracked 
|  72|0x0000000713600000, 0x0000000713600000, 0x0000000713800000|  0%| F|  |TAMS 0x0000000713600000, 0x0000000713600000| Untracked 
|  73|0x0000000713800000, 0x0000000713800000, 0x0000000713a00000|  0%| F|  |TAMS 0x0000000713800000, 0x0000000713800000| Untracked 
|  74|0x0000000713a00000, 0x0000000713a00000, 0x0000000713c00000|  0%| F|  |TAMS 0x0000000713a00000, 0x0000000713a00000| Untracked 
|  75|0x0000000713c00000, 0x0000000713c00000, 0x0000000713e00000|  0%| F|  |TAMS 0x0000000713c00000, 0x0000000713c00000| Untracked 
|  76|0x0000000713e00000, 0x0000000713eb1eb8, 0x0000000714000000| 34%| S|CS|TAMS 0x0000000713e00000, 0x0000000713e00000| Complete 
|  77|0x0000000714000000, 0x0000000714200000, 0x0000000714200000|100%| S|CS|TAMS 0x0000000714000000, 0x0000000714000000| Complete 
|  78|0x0000000714200000, 0x0000000714200000, 0x0000000714400000|  0%| F|  |TAMS 0x0000000714200000, 0x0000000714200000| Untracked 
|  79|0x0000000714400000, 0x0000000714400000, 0x0000000714600000|  0%| F|  |TAMS 0x0000000714400000, 0x0000000714400000| Untracked 
|  80|0x0000000714600000, 0x0000000714600000, 0x0000000714800000|  0%| F|  |TAMS 0x0000000714600000, 0x0000000714600000| Untracked 
|  81|0x0000000714800000, 0x0000000714800000, 0x0000000714a00000|  0%| F|  |TAMS 0x0000000714800000, 0x0000000714800000| Untracked 
|  82|0x0000000714a00000, 0x0000000714a00000, 0x0000000714c00000|  0%| F|  |TAMS 0x0000000714a00000, 0x0000000714a00000| Untracked 
|  83|0x0000000714c00000, 0x0000000714c00000, 0x0000000714e00000|  0%| F|  |TAMS 0x0000000714c00000, 0x0000000714c00000| Untracked 
|  84|0x0000000714e00000, 0x0000000714e00000, 0x0000000715000000|  0%| F|  |TAMS 0x0000000714e00000, 0x0000000714e00000| Untracked 
|  85|0x0000000715000000, 0x0000000715000000, 0x0000000715200000|  0%| F|  |TAMS 0x0000000715000000, 0x0000000715000000| Untracked 
|  86|0x0000000715200000, 0x0000000715200000, 0x0000000715400000|  0%| F|  |TAMS 0x0000000715200000, 0x0000000715200000| Untracked 
|  87|0x0000000715400000, 0x0000000715400000, 0x0000000715600000|  0%| F|  |TAMS 0x0000000715400000, 0x0000000715400000| Untracked 
|  88|0x0000000715600000, 0x0000000715600000, 0x0000000715800000|  0%| F|  |TAMS 0x0000000715600000, 0x0000000715600000| Untracked 
|  89|0x0000000715800000, 0x0000000715800000, 0x0000000715a00000|  0%| F|  |TAMS 0x0000000715800000, 0x0000000715800000| Untracked 
|  90|0x0000000715a00000, 0x0000000715a00000, 0x0000000715c00000|  0%| F|  |TAMS 0x0000000715a00000, 0x0000000715a00000| Untracked 
|  91|0x0000000715c00000, 0x0000000715c00000, 0x0000000715e00000|  0%| F|  |TAMS 0x0000000715c00000, 0x0000000715c00000| Untracked 
|  92|0x0000000715e00000, 0x0000000715e00000, 0x0000000716000000|  0%| F|  |TAMS 0x0000000715e00000, 0x0000000715e00000| Untracked 
|  93|0x0000000716000000, 0x0000000716000000, 0x0000000716200000|  0%| F|  |TAMS 0x0000000716000000, 0x0000000716000000| Untracked 
|  94|0x0000000716200000, 0x0000000716200000, 0x0000000716400000|  0%| F|  |TAMS 0x0000000716200000, 0x0000000716200000| Untracked 
|  95|0x0000000716400000, 0x0000000716400000, 0x0000000716600000|  0%| F|  |TAMS 0x0000000716400000, 0x0000000716400000| Untracked 
|  96|0x0000000716600000, 0x0000000716600000, 0x0000000716800000|  0%| F|  |TAMS 0x0000000716600000, 0x0000000716600000| Untracked 
|  97|0x0000000716800000, 0x0000000716800000, 0x0000000716a00000|  0%| F|  |TAMS 0x0000000716800000, 0x0000000716800000| Untracked 
|  98|0x0000000716a00000, 0x0000000716a00000, 0x0000000716c00000|  0%| F|  |TAMS 0x0000000716a00000, 0x0000000716a00000| Untracked 
|  99|0x0000000716c00000, 0x0000000716c00000, 0x0000000716e00000|  0%| F|  |TAMS 0x0000000716c00000, 0x0000000716c00000| Untracked 
| 100|0x0000000716e00000, 0x0000000716e00000, 0x0000000717000000|  0%| F|  |TAMS 0x0000000716e00000, 0x0000000716e00000| Untracked 
| 101|0x0000000717000000, 0x0000000717000000, 0x0000000717200000|  0%| F|  |TAMS 0x0000000717000000, 0x0000000717000000| Untracked 
| 102|0x0000000717200000, 0x0000000717200000, 0x0000000717400000|  0%| F|  |TAMS 0x0000000717200000, 0x0000000717200000| Untracked 
| 103|0x0000000717400000, 0x0000000717400000, 0x0000000717600000|  0%| F|  |TAMS 0x0000000717400000, 0x0000000717400000| Untracked 
| 104|0x0000000717600000, 0x0000000717600000, 0x0000000717800000|  0%| F|  |TAMS 0x0000000717600000, 0x0000000717600000| Untracked 
| 105|0x0000000717800000, 0x0000000717800000, 0x0000000717a00000|  0%| F|  |TAMS 0x0000000717800000, 0x0000000717800000| Untracked 
| 106|0x0000000717a00000, 0x0000000717a00000, 0x0000000717c00000|  0%| F|  |TAMS 0x0000000717a00000, 0x0000000717a00000| Untracked 
| 107|0x0000000717c00000, 0x0000000717c00000, 0x0000000717e00000|  0%| F|  |TAMS 0x0000000717c00000, 0x0000000717c00000| Untracked 
| 108|0x0000000717e00000, 0x0000000717e00000, 0x0000000718000000|  0%| F|  |TAMS 0x0000000717e00000, 0x0000000717e00000| Untracked 
| 109|0x0000000718000000, 0x0000000718000000, 0x0000000718200000|  0%| F|  |TAMS 0x0000000718000000, 0x0000000718000000| Untracked 
| 110|0x0000000718200000, 0x0000000718200000, 0x0000000718400000|  0%| F|  |TAMS 0x0000000718200000, 0x0000000718200000| Untracked 
| 111|0x0000000718400000, 0x0000000718400000, 0x0000000718600000|  0%| F|  |TAMS 0x0000000718400000, 0x0000000718400000| Untracked 
| 112|0x0000000718600000, 0x0000000718600000, 0x0000000718800000|  0%| F|  |TAMS 0x0000000718600000, 0x0000000718600000| Untracked 
| 113|0x0000000718800000, 0x0000000718800000, 0x0000000718a00000|  0%| F|  |TAMS 0x0000000718800000, 0x0000000718800000| Untracked 
| 114|0x0000000718a00000, 0x0000000718a00000, 0x0000000718c00000|  0%| F|  |TAMS 0x0000000718a00000, 0x0000000718a00000| Untracked 
| 115|0x0000000718c00000, 0x0000000718c00000, 0x0000000718e00000|  0%| F|  |TAMS 0x0000000718c00000, 0x0000000718c00000| Untracked 
| 116|0x0000000718e00000, 0x0000000718e00000, 0x0000000719000000|  0%| F|  |TAMS 0x0000000718e00000, 0x0000000718e00000| Untracked 
| 117|0x0000000719000000, 0x0000000719200000, 0x0000000719200000|100%| E|  |TAMS 0x0000000719000000, 0x0000000719000000| Complete 
| 118|0x0000000719200000, 0x0000000719400000, 0x0000000719400000|100%| E|CS|TAMS 0x0000000719200000, 0x0000000719200000| Complete 
| 122|0x0000000719a00000, 0x0000000719c00000, 0x0000000719c00000|100%| E|CS|TAMS 0x0000000719a00000, 0x0000000719a00000| Complete 

Card table byte_map: [0x000001f75a300000,0x000001f75aab0000] _byte_map_base: 0x000001f756aad000

Marking Bits (Prev, Next): (CMBitMap*) 0x000001f742b5a5e0, (CMBitMap*) 0x000001f742b5a5a0
 Prev Bits: [0x000001f75efd0000, 0x000001f762d38000)
 Next Bits: [0x000001f75b260000, 0x000001f75efc8000)

Polling page: 0x000001f7408a0000

Metaspace:

Usage:
  Non-class:     70.42 MB used.
      Class:      8.52 MB used.
       Both:     78.94 MB used.

Virtual space:
  Non-class space:       72.00 MB reserved,      70.62 MB ( 98%) committed,  9 nodes.
      Class space:        1.00 GB reserved,       8.62 MB ( <1%) committed,  1 nodes.
             Both:        1.07 GB reserved,      79.25 MB (  7%) committed. 

Chunk freelists:
   Non-Class:  1.42 MB
       Class:  3.31 MB
        Both:  4.73 MB

MaxMetaspaceSize: unlimited
CompressedClassSpaceSize: 1.00 GB
Initial GC threshold: 21.00 MB
Current GC threshold: 123.44 MB
CDS: on
MetaspaceReclaimPolicy: balanced
 - commit_granule_bytes: 65536.
 - commit_granule_words: 8192.
 - virtual_space_node_default_size: 1048576.
 - enlarge_chunks_in_place: 1.
 - new_chunks_are_fully_committed: 0.
 - uncommit_free_chunks: 1.
 - use_allocation_guard: 0.
 - handle_deallocations: 1.


Internal statistics:

num_allocs_failed_limit: 9.
num_arena_births: 380.
num_arena_deaths: 0.
num_vsnodes_births: 10.
num_vsnodes_deaths: 0.
num_space_committed: 1266.
num_space_uncommitted: 0.
num_chunks_returned_to_freelist: 9.
num_chunks_taken_from_freelist: 3305.
num_chunk_merges: 9.
num_chunk_splits: 2650.
num_chunks_enlarged: 2322.
num_purges: 0.
num_inconsistent_stats: 0.

CodeHeap 'non-profiled nmethods': size=120000Kb used=8908Kb max_used=8908Kb free=111091Kb
 bounds [0x000001f7520c0000, 0x000001f752980000, 0x000001f7595f0000]
CodeHeap 'profiled nmethods': size=120000Kb used=42675Kb max_used=42675Kb free=77324Kb
 bounds [0x000001f74ab90000, 0x000001f74d540000, 0x000001f7520c0000]
CodeHeap 'non-nmethods': size=5760Kb used=1396Kb max_used=1459Kb free=4363Kb
 bounds [0x000001f74a5f0000, 0x000001f74a860000, 0x000001f74ab90000]
 total_blobs=16582 nmethods=15858 adapters=633
 compilation: enabled
              stopped_count=0, restarted_count=0
 full_count=0

Compilation events (20 events):
Event: 22.546 Thread 0x000001f7659eaba0 nmethod 19149 0x000001f74d516d10 code [0x000001f74d5170c0, 0x000001f74d518958]
Event: 22.546 Thread 0x000001f7659eaba0 19147       3       org.jetbrains.kotlin.codegen.optimization.ConstantConditionEliminationMethodTransformer::isIntConst (81 bytes)
Event: 22.547 Thread 0x000001f7659eaba0 nmethod 19147 0x000001f74d519010 code [0x000001f74d5191e0, 0x000001f74d519a78]
Event: 22.547 Thread 0x000001f7659eaba0 19151       3       org.jetbrains.kotlin.ir.util.AdditionalIrUtilsKt::hasAnnotation (101 bytes)
Event: 22.548 Thread 0x000001f7659eaba0 nmethod 19151 0x000001f74d519b90 code [0x000001f74d519f60, 0x000001f74d51bbe8]
Event: 22.548 Thread 0x000001f7659eaba0 19152       3       org.jetbrains.kotlin.codegen.optimization.fixStack.FixStackInterpreter::copyOperation (84 bytes)
Event: 22.549 Thread 0x000001f7659eaba0 nmethod 19152 0x000001f74d51c410 code [0x000001f74d51c6a0, 0x000001f74d51d2f8]
Event: 22.549 Thread 0x000001f7659eaba0 19153       3       org.jetbrains.kotlin.codegen.optimization.temporaryVals.TemporaryValsAnalyzer$StoreTrackingInterpreter::load (106 bytes)
Event: 22.550 Thread 0x000001f7659eaba0 nmethod 19153 0x000001f74d51d710 code [0x000001f74d51da40, 0x000001f74d51f0f8]
Event: 22.550 Thread 0x000001f7659eaba0 19146       3       org.jetbrains.org.objectweb.asm.commons.InstructionAdapter::<init> (7 bytes)
Event: 22.550 Thread 0x000001f7659eaba0 nmethod 19146 0x000001f74d51f710 code [0x000001f74d51f8a0, 0x000001f74d51f9e8]
Event: 22.550 Thread 0x000001f7659eaba0 19142       3       org.jetbrains.kotlin.codegen.StackValue::<init> (28 bytes)
Event: 22.550 Thread 0x000001f7659eaba0 nmethod 19142 0x000001f74d51fa90 code [0x000001f74d51fc40, 0x000001f74d51ff08]
Event: 22.550 Thread 0x000001f7659eaba0 19150       1       org.jetbrains.kotlin.backend.jvm.codegen.ClassCodegen::getReifiedTypeParametersUsages (5 bytes)
Event: 22.550 Thread 0x000001f7659eaba0 nmethod 19150 0x000001f752966f90 code [0x000001f752967120, 0x000001f7529671f8]
Event: 22.551 Thread 0x000001f7659eaba0 19154       3       org.jetbrains.kotlin.codegen.DelegatingClassBuilder::newMethod (54 bytes)
Event: 22.551 Thread 0x000001f769c9ebd0 nmethod 19117 0x000001f752967290 code [0x000001f752967480, 0x000001f752968118]
Event: 22.551 Thread 0x000001f769c9ebd0 19144       4       org.jetbrains.kotlin.codegen.pseudoInsns.PseudoInsnsKt::parsePseudoInsnOrNull (34 bytes)
Event: 22.551 Thread 0x000001f7659eaba0 nmethod 19154 0x000001f74d520010 code [0x000001f74d520200, 0x000001f74d520698]
Event: 22.551 Thread 0x000001f7659eaba0 19156       3       org.jetbrains.kotlin.codegen.coroutines.UninitializedStoresProcessor::run (641 bytes)

GC Heap History (20 events):
Event: 17.358 GC heap before
{Heap before GC invocations=18 (full 0):
 garbage-first heap   total 204800K, used 152983K [0x000000070a600000, 0x0000000800000000)
  region size 2048K, 38 young (77824K), 4 survivors (8192K)
 Metaspace       used 60486K, committed 60736K, reserved 1105920K
  class space    used 6866K, committed 6976K, reserved 1048576K
}
Event: 17.371 GC heap after
{Heap after GC invocations=19 (full 0):
 garbage-first heap   total 204800K, used 89420K [0x000000070a600000, 0x0000000800000000)
  region size 2048K, 2 young (4096K), 2 survivors (4096K)
 Metaspace       used 60486K, committed 60736K, reserved 1105920K
  class space    used 6866K, committed 6976K, reserved 1048576K
}
Event: 18.523 GC heap before
{Heap before GC invocations=20 (full 0):
 garbage-first heap   total 204800K, used 161100K [0x000000070a600000, 0x0000000800000000)
  region size 2048K, 37 young (75776K), 2 survivors (4096K)
 Metaspace       used 66184K, committed 66496K, reserved 1114112K
  class space    used 7396K, committed 7552K, reserved 1048576K
}
Event: 18.537 GC heap after
{Heap after GC invocations=21 (full 0):
 garbage-first heap   total 204800K, used 96568K [0x000000070a600000, 0x0000000800000000)
  region size 2048K, 5 young (10240K), 5 survivors (10240K)
 Metaspace       used 66184K, committed 66496K, reserved 1114112K
  class space    used 7396K, committed 7552K, reserved 1048576K
}
Event: 19.143 GC heap before
{Heap before GC invocations=21 (full 0):
 garbage-first heap   total 204800K, used 162104K [0x000000070a600000, 0x0000000800000000)
  region size 2048K, 37 young (75776K), 5 survivors (10240K)
 Metaspace       used 66516K, committed 66816K, reserved 1114112K
  class space    used 7405K, committed 7552K, reserved 1048576K
}
Event: 19.162 GC heap after
{Heap after GC invocations=22 (full 0):
 garbage-first heap   total 204800K, used 106125K [0x000000070a600000, 0x0000000800000000)
  region size 2048K, 5 young (10240K), 5 survivors (10240K)
 Metaspace       used 66516K, committed 66816K, reserved 1114112K
  class space    used 7405K, committed 7552K, reserved 1048576K
}
Event: 19.665 GC heap before
{Heap before GC invocations=22 (full 0):
 garbage-first heap   total 204800K, used 163469K [0x000000070a600000, 0x0000000800000000)
  region size 2048K, 33 young (67584K), 5 survivors (10240K)
 Metaspace       used 68720K, committed 69056K, reserved 1114112K
  class space    used 7649K, committed 7808K, reserved 1048576K
}
Event: 19.680 GC heap after
{Heap after GC invocations=23 (full 0):
 garbage-first heap   total 204800K, used 114346K [0x000000070a600000, 0x0000000800000000)
  region size 2048K, 5 young (10240K), 5 survivors (10240K)
 Metaspace       used 68720K, committed 69056K, reserved 1114112K
  class space    used 7649K, committed 7808K, reserved 1048576K
}
Event: 20.392 GC heap before
{Heap before GC invocations=24 (full 0):
 garbage-first heap   total 204800K, used 159402K [0x000000070a600000, 0x0000000800000000)
  region size 2048K, 29 young (59392K), 5 survivors (10240K)
 Metaspace       used 74067K, committed 74368K, reserved 1122304K
  class space    used 8242K, committed 8384K, reserved 1048576K
}
Event: 20.405 GC heap after
{Heap after GC invocations=25 (full 0):
 garbage-first heap   total 204800K, used 116804K [0x000000070a600000, 0x0000000800000000)
  region size 2048K, 3 young (6144K), 3 survivors (6144K)
 Metaspace       used 74067K, committed 74368K, reserved 1122304K
  class space    used 8242K, committed 8384K, reserved 1048576K
}
Event: 20.441 GC heap before
{Heap before GC invocations=25 (full 0):
 garbage-first heap   total 204800K, used 120900K [0x000000070a600000, 0x0000000800000000)
  region size 2048K, 5 young (10240K), 3 survivors (6144K)
 Metaspace       used 74081K, committed 74368K, reserved 1122304K
  class space    used 8242K, committed 8384K, reserved 1048576K
}
Event: 20.450 GC heap after
{Heap after GC invocations=26 (full 0):
 garbage-first heap   total 245760K, used 115627K [0x000000070a600000, 0x0000000800000000)
  region size 2048K, 1 young (2048K), 1 survivors (2048K)
 Metaspace       used 74081K, committed 74368K, reserved 1122304K
  class space    used 8242K, committed 8384K, reserved 1048576K
}
Event: 21.117 GC heap before
{Heap before GC invocations=26 (full 0):
 garbage-first heap   total 245760K, used 195499K [0x000000070a600000, 0x0000000800000000)
  region size 2048K, 40 young (81920K), 1 survivors (2048K)
 Metaspace       used 75494K, committed 75776K, reserved 1122304K
  class space    used 8338K, committed 8448K, reserved 1048576K
}
Event: 21.122 GC heap after
{Heap after GC invocations=27 (full 0):
 garbage-first heap   total 245760K, used 117389K [0x000000070a600000, 0x0000000800000000)
  region size 2048K, 2 young (4096K), 2 survivors (4096K)
 Metaspace       used 75494K, committed 75776K, reserved 1122304K
  class space    used 8338K, committed 8448K, reserved 1048576K
}
Event: 21.582 GC heap before
{Heap before GC invocations=28 (full 0):
 garbage-first heap   total 245760K, used 199309K [0x000000070a600000, 0x0000000800000000)
  region size 2048K, 42 young (86016K), 2 survivors (4096K)
 Metaspace       used 76070K, committed 76352K, reserved 1122304K
  class space    used 8355K, committed 8512K, reserved 1048576K
}
Event: 21.589 GC heap after
{Heap after GC invocations=29 (full 0):
 garbage-first heap   total 245760K, used 119317K [0x000000070a600000, 0x0000000800000000)
  region size 2048K, 3 young (6144K), 3 survivors (6144K)
 Metaspace       used 76070K, committed 76352K, reserved 1122304K
  class space    used 8355K, committed 8512K, reserved 1048576K
}
Event: 21.629 GC heap before
{Heap before GC invocations=29 (full 0):
 garbage-first heap   total 245760K, used 125461K [0x000000070a600000, 0x0000000800000000)
  region size 2048K, 6 young (12288K), 3 survivors (6144K)
 Metaspace       used 76117K, committed 76416K, reserved 1122304K
  class space    used 8359K, committed 8512K, reserved 1048576K
}
Event: 21.636 GC heap after
{Heap after GC invocations=30 (full 0):
 garbage-first heap   total 245760K, used 118547K [0x000000070a600000, 0x0000000800000000)
  region size 2048K, 1 young (2048K), 1 survivors (2048K)
 Metaspace       used 76117K, committed 76416K, reserved 1122304K
  class space    used 8359K, committed 8512K, reserved 1048576K
}
Event: 22.428 GC heap before
{Heap before GC invocations=30 (full 0):
 garbage-first heap   total 245760K, used 202515K [0x000000070a600000, 0x0000000800000000)
  region size 2048K, 42 young (86016K), 1 survivors (2048K)
 Metaspace       used 80553K, committed 80896K, reserved 1122304K
  class space    used 8715K, committed 8832K, reserved 1048576K
}
Event: 22.434 GC heap after
{Heap after GC invocations=31 (full 0):
 garbage-first heap   total 245760K, used 120382K [0x000000070a600000, 0x0000000800000000)
  region size 2048K, 2 young (4096K), 2 survivors (4096K)
 Metaspace       used 80553K, committed 80896K, reserved 1122304K
  class space    used 8715K, committed 8832K, reserved 1048576K
}

Deoptimization events (20 events):
Event: 22.398 Thread 0x000001f742af0540 Uncommon trap: trap_request=0xffffff45 fr.pc=0x000001f7529130e0 relative=0x0000000000000220
Event: 22.398 Thread 0x000001f742af0540 Uncommon trap: reason=unstable_if action=reinterpret pc=0x000001f7529130e0 method=org.jetbrains.kotlin.resolve.MemberComparator$NameAndTypeMemberComparator.getDeclarationPriority(Lorg/jetbrains/kotlin/descriptors/DeclarationDescriptor;)I @ 4 c2
Event: 22.398 Thread 0x000001f742af0540 DEOPT PACKING pc=0x000001f7529130e0 sp=0x0000006e5d3fd5b0
Event: 22.398 Thread 0x000001f742af0540 DEOPT UNPACKING pc=0x000001f74a6423a3 sp=0x0000006e5d3fd550 mode 2
Event: 22.439 Thread 0x000001f742af0540 Uncommon trap: trap_request=0xffffffde fr.pc=0x000001f752507aa8 relative=0x0000000000000108
Event: 22.439 Thread 0x000001f742af0540 Uncommon trap: reason=class_check action=maybe_recompile pc=0x000001f752507aa8 method=org.jetbrains.kotlin.descriptors.impl.ValueParameterDescriptorImpl.declaresDefaultValue()Z @ 11 c2
Event: 22.439 Thread 0x000001f742af0540 DEOPT PACKING pc=0x000001f752507aa8 sp=0x0000006e5d3fd690
Event: 22.439 Thread 0x000001f742af0540 DEOPT UNPACKING pc=0x000001f74a6423a3 sp=0x0000006e5d3fd618 mode 2
Event: 22.482 Thread 0x000001f742af0540 Uncommon trap: trap_request=0xffffffde fr.pc=0x000001f752417eb4 relative=0x00000000000004d4
Event: 22.482 Thread 0x000001f742af0540 Uncommon trap: reason=class_check action=maybe_recompile pc=0x000001f752417eb4 method=kotlin.sequences.DropWhileSequence$iterator$1.drop()V @ 4 c2
Event: 22.482 Thread 0x000001f742af0540 DEOPT PACKING pc=0x000001f752417eb4 sp=0x0000006e5d3fc120
Event: 22.482 Thread 0x000001f742af0540 DEOPT UNPACKING pc=0x000001f74a6423a3 sp=0x0000006e5d3fc0e0 mode 2
Event: 22.484 Thread 0x000001f742af0540 Uncommon trap: trap_request=0xffffffde fr.pc=0x000001f752417eb4 relative=0x00000000000004d4
Event: 22.484 Thread 0x000001f742af0540 Uncommon trap: reason=class_check action=maybe_recompile pc=0x000001f752417eb4 method=kotlin.sequences.DropWhileSequence$iterator$1.drop()V @ 4 c2
Event: 22.484 Thread 0x000001f742af0540 DEOPT PACKING pc=0x000001f752417eb4 sp=0x0000006e5d3fc140
Event: 22.484 Thread 0x000001f742af0540 DEOPT UNPACKING pc=0x000001f74a6423a3 sp=0x0000006e5d3fc100 mode 2
Event: 22.501 Thread 0x000001f742af0540 Uncommon trap: trap_request=0xffffff45 fr.pc=0x000001f75270e478 relative=0x0000000000000358
Event: 22.501 Thread 0x000001f742af0540 Uncommon trap: reason=unstable_if action=reinterpret pc=0x000001f75270e478 method=java.util.HashMap$HashIterator.<init>(Ljava/util/HashMap;)V @ 45 c2
Event: 22.501 Thread 0x000001f742af0540 DEOPT PACKING pc=0x000001f75270e478 sp=0x0000006e5d3fd570
Event: 22.501 Thread 0x000001f742af0540 DEOPT UNPACKING pc=0x000001f74a6423a3 sp=0x0000006e5d3fd528 mode 2

Classes unloaded (0 events):
No events

Classes redefined (0 events):
No events

Internal exceptions (20 events):
Event: 11.839 Thread 0x000001f742af0540 Exception <a 'java/lang/NoSuchMethodError'{0x0000000713a70218}: 'java.lang.Object java.lang.invoke.DirectMethodHandle$Holder.newInvokeSpecial(java.lang.Object, java.lang.Object, java.lang.Object, java.lang.Object, java.lang.Object, java.lang.Object, java.lang.Object)'> (0x0000000713a70218) 
thrown [s\src\hotspot\share\interpreter\linkResolver.cpp, line 759]
Event: 11.839 Thread 0x000001f742af0540 Exception <a 'java/lang/NoSuchMethodError'{0x0000000713a74dd0}: 'java.lang.Object java.lang.invoke.Invokers$Holder.linkToTargetMethod(java.lang.Object, java.lang.Object, java.lang.Object, java.lang.Object, java.lang.Object, java.lang.Object, java.lang.Object)'> (0x0000000713a74dd0) 
thrown [s\src\hotspot\share\interpreter\linkResolver.cpp, line 759]
Event: 12.073 Thread 0x000001f742af0540 Implicit null exception at 0x000001f75249ed63 to 0x000001f75249f018
Event: 12.448 Thread 0x000001f742af0540 Exception <a 'java/lang/NoSuchMethodError'{0x000000071282c7c8}: 'int java.lang.invoke.DirectMethodHandle$Holder.invokeStaticInit(java.lang.Object, int)'> (0x000000071282c7c8) 
thrown [s\src\hotspot\share\interpreter\linkResolver.cpp, line 759]
Event: 12.483 Thread 0x000001f742af0540 Exception <a 'java/lang/NoSuchMethodError'{0x0000000712915608}: 'java.lang.Object java.lang.invoke.DirectMethodHandle$Holder.invokeInterface(java.lang.Object, java.lang.Object, java.lang.Object)'> (0x0000000712915608) 
thrown [s\src\hotspot\share\interpreter\linkResolver.cpp, line 759]
Event: 12.483 Thread 0x000001f742af0540 Exception <a 'java/lang/IncompatibleClassChangeError'{0x0000000712918f78}: Found class java.lang.Object, but interface was expected> (0x0000000712918f78) 
thrown [s\src\hotspot\share\interpreter\linkResolver.cpp, line 826]
Event: 13.004 Thread 0x000001f742af0540 Implicit null exception at 0x000001f7520d9bd5 to 0x000001f7520da1a4
Event: 13.019 Thread 0x000001f742af0540 Implicit null exception at 0x000001f7520dabd2 to 0x000001f7520db190
Event: 13.995 Thread 0x000001f742af0540 Implicit null exception at 0x000001f75211e8d8 to 0x000001f75211e96e
Event: 14.164 Thread 0x000001f742af0540 Implicit null exception at 0x000001f752463354 to 0x000001f752463654
Event: 14.285 Thread 0x000001f742af0540 Exception <a 'java/lang/NoSuchMethodError'{0x00000007124f65a8}: 'void java.lang.invoke.DirectMethodHandle$Holder.invokeStatic(java.lang.Object, java.lang.Object, java.lang.Object)'> (0x00000007124f65a8) 
thrown [s\src\hotspot\share\interpreter\linkResolver.cpp, line 759]
Event: 17.046 Thread 0x000001f742af0540 Implicit null exception at 0x000001f75216d96b to 0x000001f75216db40
Event: 17.588 Thread 0x000001f742af0540 Implicit null exception at 0x000001f752374f33 to 0x000001f752375094
Event: 17.632 Thread 0x000001f742af0540 Exception <a 'java/lang/NoSuchMethodError'{0x00000007164ecb08}: 'java.lang.Object java.lang.invoke.DirectMethodHandle$Holder.invokeStaticInit(java.lang.Object, java.lang.Object, java.lang.Object, java.lang.Object)'> (0x00000007164ecb08) 
thrown [s\src\hotspot\share\interpreter\linkResolver.cpp, line 759]
Event: 17.802 Thread 0x000001f742af0540 Exception <a 'java/lang/NoSuchMethodError'{0x0000000715812bb0}: 'int java.lang.invoke.DirectMethodHandle$Holder.invokeStaticInit(java.lang.Object, java.lang.Object, java.lang.Object, java.lang.Object)'> (0x0000000715812bb0) 
thrown [s\src\hotspot\share\interpreter\linkResolver.cpp, line 759]
Event: 18.230 Thread 0x000001f742af0540 Implicit null exception at 0x000001f7521229f0 to 0x000001f752122c28
Event: 18.587 Thread 0x000001f742af0540 Implicit null exception at 0x000001f752734d17 to 0x000001f752734fb8
Event: 18.593 Thread 0x000001f742af0540 Implicit null exception at 0x000001f752744f5f to 0x000001f7527451c4
Event: 20.390 Thread 0x000001f742af0540 Implicit null exception at 0x000001f75281b235 to 0x000001f75281b456
Event: 22.282 Thread 0x000001f742af0540 Implicit null exception at 0x000001f752155e95 to 0x000001f752155f84

VM Operations (20 events):
Event: 21.834 Executing VM operation: HandshakeAllThreads
Event: 21.834 Executing VM operation: HandshakeAllThreads done
Event: 21.836 Executing VM operation: HandshakeAllThreads
Event: 21.836 Executing VM operation: HandshakeAllThreads done
Event: 21.855 Executing VM operation: HandshakeAllThreads
Event: 21.855 Executing VM operation: HandshakeAllThreads done
Event: 21.963 Executing VM operation: HandshakeAllThreads
Event: 21.963 Executing VM operation: HandshakeAllThreads done
Event: 21.976 Executing VM operation: ICBufferFull
Event: 21.976 Executing VM operation: ICBufferFull done
Event: 22.044 Executing VM operation: HandshakeAllThreads
Event: 22.044 Executing VM operation: HandshakeAllThreads done
Event: 22.114 Executing VM operation: ICBufferFull
Event: 22.114 Executing VM operation: ICBufferFull done
Event: 22.217 Executing VM operation: HandshakeAllThreads
Event: 22.217 Executing VM operation: HandshakeAllThreads done
Event: 22.247 Executing VM operation: ICBufferFull
Event: 22.248 Executing VM operation: ICBufferFull done
Event: 22.428 Executing VM operation: G1CollectForAllocation
Event: 22.434 Executing VM operation: G1CollectForAllocation done

Events (20 events):
Event: 21.124 Thread 0x000001f7659eb4a0 flushing nmethod 0x000001f74cdbd590
Event: 21.124 Thread 0x000001f7659eb4a0 flushing nmethod 0x000001f74cdc2b90
Event: 21.124 Thread 0x000001f7659eb4a0 flushing nmethod 0x000001f74cdc5f10
Event: 21.124 Thread 0x000001f7659eb4a0 flushing nmethod 0x000001f74cdc7e90
Event: 21.124 Thread 0x000001f7659eb4a0 flushing nmethod 0x000001f74cdd1110
Event: 21.124 Thread 0x000001f7659eb4a0 flushing nmethod 0x000001f74cdd2810
Event: 21.124 Thread 0x000001f7659eb4a0 flushing nmethod 0x000001f74cdfff10
Event: 21.124 Thread 0x000001f7659eb4a0 flushing nmethod 0x000001f74ce01710
Event: 21.124 Thread 0x000001f7659eb4a0 flushing nmethod 0x000001f74ce08f10
Event: 21.124 Thread 0x000001f7659eb4a0 flushing nmethod 0x000001f74ce10f90
Event: 21.124 Thread 0x000001f7659eb4a0 flushing nmethod 0x000001f74ce13190
Event: 21.124 Thread 0x000001f7659eb4a0 flushing nmethod 0x000001f74ce17e90
Event: 21.124 Thread 0x000001f7659eb4a0 flushing nmethod 0x000001f74ce18310
Event: 21.124 Thread 0x000001f7659eb4a0 flushing nmethod 0x000001f74ce1c510
Event: 21.124 Thread 0x000001f7659eb4a0 flushing nmethod 0x000001f74ce1d210
Event: 21.124 Thread 0x000001f7659eb4a0 flushing nmethod 0x000001f74ce41a90
Event: 21.125 Thread 0x000001f7659eb4a0 flushing nmethod 0x000001f74ce61c10
Event: 21.125 Thread 0x000001f7659eb4a0 flushing nmethod 0x000001f74ce8e910
Event: 21.924 loading class java/util/Vector$Itr
Event: 21.936 loading class java/util/Vector$Itr done


Dynamic libraries:
0x00007ff7b7d30000 - 0x00007ff7b7d3e000 	C:\Program Files\Microsoft\jdk-17.0.4.101-hotspot\bin\java.exe
0x00007ff993720000 - 0x00007ff993929000 	C:\WINDOWS\SYSTEM32\ntdll.dll
0x00007ff992b70000 - 0x00007ff992c2e000 	C:\WINDOWS\System32\KERNEL32.DLL
0x00007ff991080000 - 0x00007ff9913fb000 	C:\WINDOWS\System32\KERNELBASE.dll
0x00007ff991400000 - 0x00007ff991511000 	C:\WINDOWS\System32\ucrtbase.dll
0x00007ff987d30000 - 0x00007ff987d4b000 	C:\Program Files\Microsoft\jdk-17.0.4.101-hotspot\bin\VCRUNTIME140.dll
0x00007ff988700000 - 0x00007ff988718000 	C:\Program Files\Microsoft\jdk-17.0.4.101-hotspot\bin\jli.dll
0x00007ff993320000 - 0x00007ff9934cd000 	C:\WINDOWS\System32\USER32.dll
0x00007ff971e50000 - 0x00007ff9720f5000 	C:\WINDOWS\WinSxS\amd64_microsoft.windows.common-controls_6595b64144ccf1df_6.0.22000.120_none_9d947278b86cc467\COMCTL32.dll
0x00007ff993110000 - 0x00007ff9931b3000 	C:\WINDOWS\System32\msvcrt.dll
0x00007ff990f90000 - 0x00007ff990fb6000 	C:\WINDOWS\System32\win32u.dll
0x00007ff9921d0000 - 0x00007ff9921f9000 	C:\WINDOWS\System32\GDI32.dll
0x00007ff990e70000 - 0x00007ff990f88000 	C:\WINDOWS\System32\gdi32full.dll
0x00007ff990c60000 - 0x00007ff990cfd000 	C:\WINDOWS\System32\msvcp_win.dll
0x00007ff9917f0000 - 0x00007ff991822000 	C:\WINDOWS\System32\IMM32.DLL
0x00007ff98f440000 - 0x00007ff98f44c000 	C:\Program Files\Microsoft\jdk-17.0.4.101-hotspot\bin\vcruntime140_1.dll
0x00007ff9733e0000 - 0x00007ff97346d000 	C:\Program Files\Microsoft\jdk-17.0.4.101-hotspot\bin\msvcp140.dll
0x00007ff9228f0000 - 0x00007ff92354c000 	C:\Program Files\Microsoft\jdk-17.0.4.101-hotspot\bin\server\jvm.dll
0x00007ff991860000 - 0x00007ff99190e000 	C:\WINDOWS\System32\ADVAPI32.dll
0x00007ff9915a0000 - 0x00007ff99163e000 	C:\WINDOWS\System32\sechost.dll
0x00007ff991660000 - 0x00007ff991780000 	C:\WINDOWS\System32\RPCRT4.dll
0x00007ff992dd0000 - 0x00007ff992dd8000 	C:\WINDOWS\System32\PSAPI.DLL
0x00007ff98cc10000 - 0x00007ff98cc43000 	C:\WINDOWS\SYSTEM32\WINMM.dll
0x00007ff98cc00000 - 0x00007ff98cc09000 	C:\WINDOWS\SYSTEM32\WSOCK32.dll
0x00007ff991780000 - 0x00007ff9917ef000 	C:\WINDOWS\System32\WS2_32.dll
0x00007ff98c320000 - 0x00007ff98c32a000 	C:\WINDOWS\SYSTEM32\VERSION.dll
0x00007ff98fc40000 - 0x00007ff98fc58000 	C:\WINDOWS\SYSTEM32\kernel.appcore.dll
0x00007ff9887c0000 - 0x00007ff9887ca000 	C:\Program Files\Microsoft\jdk-17.0.4.101-hotspot\bin\jimage.dll
0x00007ff98e7a0000 - 0x00007ff98e9c1000 	C:\WINDOWS\SYSTEM32\DBGHELP.DLL
0x00007ff9834c0000 - 0x00007ff9834f1000 	C:\WINDOWS\SYSTEM32\dbgcore.DLL
0x00007ff991520000 - 0x00007ff99159f000 	C:\WINDOWS\System32\bcryptPrimitives.dll
0x00007ff97e160000 - 0x00007ff97e185000 	C:\Program Files\Microsoft\jdk-17.0.4.101-hotspot\bin\java.dll
0x00007ff93e220000 - 0x00007ff93e2f7000 	C:\Program Files\Microsoft\jdk-17.0.4.101-hotspot\bin\jsvml.dll
0x00007ff991910000 - 0x00007ff9920c8000 	C:\WINDOWS\System32\SHELL32.dll
0x00007ff98eb40000 - 0x00007ff98f3a5000 	C:\WINDOWS\SYSTEM32\windows.storage.dll
0x00007ff9927f0000 - 0x00007ff992b68000 	C:\WINDOWS\System32\combase.dll
0x00007ff98e9d0000 - 0x00007ff98eb36000 	C:\WINDOWS\SYSTEM32\wintypes.dll
0x00007ff9934d0000 - 0x00007ff9935ba000 	C:\WINDOWS\System32\SHCORE.dll
0x00007ff992790000 - 0x00007ff9927ed000 	C:\WINDOWS\System32\shlwapi.dll
0x00007ff990b20000 - 0x00007ff990b41000 	C:\WINDOWS\SYSTEM32\profapi.dll
0x00007ff984820000 - 0x00007ff984839000 	C:\Program Files\Microsoft\jdk-17.0.4.101-hotspot\bin\net.dll
0x00007ff98da00000 - 0x00007ff98db14000 	C:\WINDOWS\SYSTEM32\WINHTTP.dll
0x00007ff990110000 - 0x00007ff990177000 	C:\WINDOWS\system32\mswsock.dll
0x00007ff982990000 - 0x00007ff9829a6000 	C:\Program Files\Microsoft\jdk-17.0.4.101-hotspot\bin\nio.dll
0x00007ff982620000 - 0x00007ff982638000 	C:\Program Files\Microsoft\jdk-17.0.4.101-hotspot\bin\zip.dll
0x00007ff9886f0000 - 0x00007ff988700000 	C:\Program Files\Microsoft\jdk-17.0.4.101-hotspot\bin\verify.dll

dbghelp: loaded successfully - version: 4.0.5 - missing functions: none
symbol engine: initialized successfully - sym options: 0x614 - pdb path: .;C:\Program Files\Microsoft\jdk-17.0.4.101-hotspot\bin;C:\WINDOWS\SYSTEM32;C:\WINDOWS\WinSxS\amd64_microsoft.windows.common-controls_6595b64144ccf1df_6.0.22000.120_none_9d947278b86cc467;C:\Program Files\Microsoft\jdk-17.0.4.101-hotspot\bin\server

VM Arguments:
java_command: org.jetbrains.kotlin.cli.jvm.K2JVMCompiler @C:\Users\anuge\projects\mess_app\node_modules\react-native-screens\android\build\20221127_10021669716242543851.compiler.options
java_class_path (initial): C:\Users\anuge\.gradle\caches\modules-2\files-2.1\org.jetbrains.kotlin\kotlin-compiler-embeddable\1.6.21\97bdd5a752ce73b58ef16c17bc7f0ea2faff7a2e\kotlin-compiler-embeddable-1.6.21.jar;C:\Users\anuge\.gradle\caches\modules-2\files-2.1\org.jetbrains.kotlin\kotlin-reflect\1.6.21\5dc3574d9b7bebfcb4ec6b10ada4aaa9e140bd0b\kotlin-reflect-1.6.21.jar;C:\Users\anuge\.gradle\caches\modules-2\files-2.1\org.jetbrains.kotlin\kotlin-stdlib\1.6.21\11ef67f1900634fd951bad28c53ec957fabbe5b8\kotlin-stdlib-1.6.21.jar;C:\Users\anuge\.gradle\caches\modules-2\files-2.1\org.jetbrains.kotlin\kotlin-script-runtime\1.6.21\99c6675100da5d6d5b1c5a1032f27f28008d101b\kotlin-script-runtime-1.6.21.jar;C:\Users\anuge\.gradle\caches\modules-2\files-2.1\org.jetbrains.kotlin\kotlin-daemon-embeddable\1.6.21\46b78cf392e1c4f10854c3cadba44abb7b82250f\kotlin-daemon-embeddable-1.6.21.jar;C:\Users\anuge\.gradle\caches\modules-2\files-2.1\org.jetbrains.intellij.deps\trove4j\1.0.20200330\3afb14d5f9ceb459d724e907a21145e8ff394f02\trove4j-1.0.20200330.jar;C:\Users\anuge\.gradle\caches\modules-2\files-2.1\net.java.dev.jna\jna\5.6.0\330f2244e9030119ab3030fc3fededc86713d9cc\jna-5.6.0.jar;C:\Users\anuge\.gradle\caches\modules-2\files-2.1\org.jetbrains.kotlin\kotlin-stdlib-common\1.6.21\5e5b55c26dbc80372a920aef60eb774b714559b8\kotlin-stdlib-common-1.6.21.jar;C:\Users\anuge\.gradle\caches\modules-2\files-2.1\org.jetbrains\annotations\13.0\919f0dfe192fb4e063e7dacadee7f8bb9a2672a9\annotations-13.0.jar
Launcher Type: SUN_STANDARD

[Global flags]
     intx CICompilerCount                          = 4                                         {product} {ergonomic}
     uint ConcGCThreads                            = 3                                         {product} {ergonomic}
     uint G1ConcRefinementThreads                  = 10                                        {product} {ergonomic}
   size_t G1HeapRegionSize                         = 2097152                                   {product} {ergonomic}
    uintx GCDrainStackTargetSize                   = 64                                        {product} {ergonomic}
   size_t InitialHeapSize                          = 257949696                                 {product} {ergonomic}
   size_t MarkStackSize                            = 4194304                                   {product} {ergonomic}
   size_t MaxHeapSize                              = 4120903680                                {product} {ergonomic}
   size_t MaxNewSize                               = 2472542208                                {product} {ergonomic}
   size_t MinHeapDeltaBytes                        = 2097152                                   {product} {ergonomic}
   size_t MinHeapSize                              = 8388608                                   {product} {ergonomic}
    uintx NonNMethodCodeHeapSize                   = 5839372                                {pd product} {ergonomic}
    uintx NonProfiledCodeHeapSize                  = 122909434                              {pd product} {ergonomic}
    uintx ProfiledCodeHeapSize                     = 122909434                              {pd product} {ergonomic}
    uintx ReservedCodeCacheSize                    = 251658240                              {pd product} {ergonomic}
     bool SegmentedCodeCache                       = true                                      {product} {ergonomic}
   size_t SoftMaxHeapSize                          = 4120903680                             {manageable} {ergonomic}
     bool UseCompressedClassPointers               = true                           {product lp64_product} {ergonomic}
     bool UseCompressedOops                        = true                           {product lp64_product} {ergonomic}
     bool UseG1GC                                  = true                                      {product} {ergonomic}
     bool UseLargePagesIndividualAllocation        = false                                  {pd product} {ergonomic}

Logging:
Log output configuration:
 #0: stdout all=warning uptime,level,tags
 #1: stderr all=off uptime,level,tags

Environment Variables:
JAVA_HOME=C:\Program Files\Microsoft\jdk-17.0.4.101-hotspot\
CLASSPATH=C:\Users\anuge\projects\mess_app\android\\gradle\wrapper\gradle-wrapper.jar
PATH=C:\Program Files\Microsoft\jdk-17.0.4.101-hotspot\bin;C:\WINDOWS\system32;C:\WINDOWS;C:\WINDOWS\System32\Wbem;C:\WINDOWS\System32\WindowsPowerShell\v1.0\;C:\WINDOWS\System32\OpenSSH\;C:\Program Files\Git\cmd;C:\Program Files\nodejs\;C:\Users\anuge\Downloads\platform-tools_r33.0.1-windows\platform-tools;C:\android\cmdline-tools\latest\bin;C:\Program Files\Go\bin;C:\Users\anuge\AppData\Local\Microsoft\WindowsApps;C:\Users\anuge\AppData\Local\Programs\Microsoft VS Code\bin;C:\Users\anuge\AppData\Roaming\npm;C:\Program Files\Go\bin;C:\android\platform-tools;C:\Program Files\PostgreSQL\14\bin;C:\Program Files\Microsoft\jdk-17.0.4.101-hotspot\bin;C:\android\cmdline-tools\latest\bin;C:\android\cmake\3.6.4111459\bin;C:\Users\anuge\go\bin
USERNAME=anuge
OS=Windows_NT
PROCESSOR_IDENTIFIER=AMD64 Family 25 Model 80 Stepping 0, AuthenticAMD
TMP=C:\Users\anuge\AppData\Local\Temp
TEMP=C:\Users\anuge\AppData\Local\Temp



---------------  S Y S T E M  ---------------

OS:
 Windows 11 , 64 bit Build 22000 (10.0.22000.1219)
OS uptime: 1 days 3:07 hours
Hyper-V role detected

CPU: total 12 (initial active 12) (12 cores per cpu, 2 threads per core) family 25 model 80 stepping 0 microcode 0x0, cx8, cmov, fxsr, ht, mmx, 3dnowpref, sse, sse2, sse3, ssse3, sse4a, sse4.1, sse4.2, popcnt, lzcnt, tsc, tscinvbit, avx, avx2, aes, erms, clmul, bmi1, bmi2, adx, sha, fma, vzeroupper, clflush, clflushopt, hv

Memory: 4k page, system-wide physical 15717M (1628M free)
TotalPageFile size 26148M (AvailPageFile size 2M)
current process WorkingSet (physical memory assigned to process): 503M, peak: 504M
current process commit charge ("private bytes"): 551M, peak: 553M

vm_info: OpenJDK 64-Bit Server VM (17.0.4.1+1-LTS) for windows-amd64 JRE (17.0.4.1+1-LTS), built on Aug 16 2022 23:12:43 by "" with MS VC++ 16.10 / 16.11 (VS2019)

END.
